2025-10-16T09:48:30.332843Z  INFO burn_train::learner::train_val: Fitting the model:
 RegressionModel {
  input_layer: Linear {d_input: 8, d_output: 64, bias: true, params: 576}
  output_layer: Linear {d_input: 64, d_output: 1, bias: true, params: 65}
  activation: Relu
  params: 641
}
2025-10-16T09:48:30.333815Z  INFO burn_train::learner::epoch: Executing training step for epoch 1
2025-10-16T09:48:30.379532Z  INFO burn_train::learner::epoch: Iteration 1
2025-10-16T09:48:30.423731Z  INFO burn_train::learner::epoch: Iteration 2
2025-10-16T09:48:30.460209Z  INFO burn_train::learner::epoch: Iteration 3
2025-10-16T09:48:30.494646Z  INFO burn_train::learner::epoch: Iteration 4
2025-10-16T09:48:30.530802Z  INFO burn_train::learner::epoch: Iteration 5
2025-10-16T09:48:30.566547Z  INFO burn_train::learner::epoch: Iteration 6
2025-10-16T09:48:30.604425Z  INFO burn_train::learner::epoch: Iteration 7
2025-10-16T09:48:30.642387Z  INFO burn_train::learner::epoch: Iteration 8
2025-10-16T09:48:30.679132Z  INFO burn_train::learner::epoch: Iteration 9
2025-10-16T09:48:30.713671Z  INFO burn_train::learner::epoch: Iteration 10
2025-10-16T09:48:30.752387Z  INFO burn_train::learner::epoch: Iteration 11
2025-10-16T09:48:30.788656Z  INFO burn_train::learner::epoch: Iteration 12
2025-10-16T09:48:30.824224Z  INFO burn_train::learner::epoch: Iteration 13
2025-10-16T09:48:30.861393Z  INFO burn_train::learner::epoch: Iteration 14
2025-10-16T09:48:30.896942Z  INFO burn_train::learner::epoch: Iteration 15
2025-10-16T09:48:30.931070Z  INFO burn_train::learner::epoch: Iteration 16
2025-10-16T09:48:30.966534Z  INFO burn_train::learner::epoch: Iteration 17
2025-10-16T09:48:31.003138Z  INFO burn_train::learner::epoch: Iteration 18
2025-10-16T09:48:31.040282Z  INFO burn_train::learner::epoch: Iteration 19
2025-10-16T09:48:31.076909Z  INFO burn_train::learner::epoch: Iteration 20
2025-10-16T09:48:31.115191Z  INFO burn_train::learner::epoch: Iteration 21
2025-10-16T09:48:31.150425Z  INFO burn_train::learner::epoch: Iteration 22
2025-10-16T09:48:31.190939Z  INFO burn_train::learner::epoch: Iteration 23
2025-10-16T09:48:31.226986Z  INFO burn_train::learner::epoch: Iteration 24
2025-10-16T09:48:31.263848Z  INFO burn_train::learner::epoch: Iteration 25
2025-10-16T09:48:31.299668Z  INFO burn_train::learner::epoch: Iteration 26
2025-10-16T09:48:31.336991Z  INFO burn_train::learner::epoch: Iteration 27
2025-10-16T09:48:31.373362Z  INFO burn_train::learner::epoch: Iteration 28
2025-10-16T09:48:31.408424Z  INFO burn_train::learner::epoch: Iteration 29
2025-10-16T09:48:31.443642Z  INFO burn_train::learner::epoch: Iteration 30
2025-10-16T09:48:31.478710Z  INFO burn_train::learner::epoch: Iteration 31
2025-10-16T09:48:31.515171Z  INFO burn_train::learner::epoch: Iteration 32
2025-10-16T09:48:31.550989Z  INFO burn_train::learner::epoch: Iteration 33
2025-10-16T09:48:31.588476Z  INFO burn_train::learner::epoch: Iteration 34
2025-10-16T09:48:31.626665Z  INFO burn_train::learner::epoch: Iteration 35
2025-10-16T09:48:31.662511Z  INFO burn_train::learner::epoch: Iteration 36
2025-10-16T09:48:31.699401Z  INFO burn_train::learner::epoch: Iteration 37
2025-10-16T09:48:31.734468Z  INFO burn_train::learner::epoch: Iteration 38
2025-10-16T09:48:31.771962Z  INFO burn_train::learner::epoch: Iteration 39
2025-10-16T09:48:31.808558Z  INFO burn_train::learner::epoch: Iteration 40
2025-10-16T09:48:31.845050Z  INFO burn_train::learner::epoch: Iteration 41
2025-10-16T09:48:31.889784Z  INFO burn_train::learner::epoch: Iteration 42
2025-10-16T09:48:31.936280Z  INFO burn_train::learner::epoch: Iteration 43
2025-10-16T09:48:31.973905Z  INFO burn_train::learner::epoch: Iteration 44
2025-10-16T09:48:32.012378Z  INFO burn_train::learner::epoch: Iteration 45
2025-10-16T09:48:32.049776Z  INFO burn_train::learner::epoch: Iteration 46
2025-10-16T09:48:32.086096Z  INFO burn_train::learner::epoch: Iteration 47
2025-10-16T09:48:32.123389Z  INFO burn_train::learner::epoch: Iteration 48
2025-10-16T09:48:32.159553Z  INFO burn_train::learner::epoch: Iteration 49
2025-10-16T09:48:32.196358Z  INFO burn_train::learner::epoch: Iteration 50
2025-10-16T09:48:32.234579Z  INFO burn_train::learner::epoch: Iteration 51
2025-10-16T09:48:32.274459Z  INFO burn_train::learner::epoch: Iteration 52
2025-10-16T09:48:32.313035Z  INFO burn_train::learner::epoch: Iteration 53
2025-10-16T09:48:32.352316Z  INFO burn_train::learner::epoch: Iteration 54
2025-10-16T09:48:32.394886Z  INFO burn_train::learner::epoch: Iteration 55
2025-10-16T09:48:32.437093Z  INFO burn_train::learner::epoch: Iteration 56
2025-10-16T09:48:32.481548Z  INFO burn_train::learner::epoch: Iteration 57
2025-10-16T09:48:32.524396Z  INFO burn_train::learner::epoch: Iteration 58
2025-10-16T09:48:32.565902Z  INFO burn_train::learner::epoch: Iteration 59
2025-10-16T09:48:32.605958Z  INFO burn_train::learner::epoch: Iteration 60
2025-10-16T09:48:32.646107Z  INFO burn_train::learner::epoch: Iteration 61
2025-10-16T09:48:32.687469Z  INFO burn_train::learner::epoch: Iteration 62
2025-10-16T09:48:32.725353Z  INFO burn_train::learner::epoch: Iteration 63
2025-10-16T09:48:32.766751Z  INFO burn_train::learner::epoch: Iteration 64
2025-10-16T09:48:32.809569Z  INFO burn_train::learner::epoch: Iteration 65
2025-10-16T09:48:32.822335Z  INFO burn_train::learner::epoch: Executing validation step for epoch 1
2025-10-16T09:48:33.139769Z  INFO burn_train::learner::epoch: Executing training step for epoch 2
2025-10-16T09:48:33.139787Z  INFO burn_train::checkpoint::file: Saving checkpoint 1 to ./tmp/burn-example-regression\checkpoint\optim-1
2025-10-16T09:48:33.139769Z  INFO burn_train::checkpoint::file: Saving checkpoint 1 to ./tmp/burn-example-regression\checkpoint\model-1
2025-10-16T09:48:33.139792Z  INFO burn_train::checkpoint::file: Saving checkpoint 1 to ./tmp/burn-example-regression\checkpoint\scheduler-1
2025-10-16T09:48:33.187997Z  INFO burn_train::learner::epoch: Iteration 1
2025-10-16T09:48:33.224837Z  INFO burn_train::learner::epoch: Iteration 2
2025-10-16T09:48:33.262488Z  INFO burn_train::learner::epoch: Iteration 3
2025-10-16T09:48:33.301983Z  INFO burn_train::learner::epoch: Iteration 4
2025-10-16T09:48:33.340674Z  INFO burn_train::learner::epoch: Iteration 5
2025-10-16T09:48:33.377409Z  INFO burn_train::learner::epoch: Iteration 6
2025-10-16T09:48:33.414053Z  INFO burn_train::learner::epoch: Iteration 7
2025-10-16T09:48:33.456206Z  INFO burn_train::learner::epoch: Iteration 8
2025-10-16T09:48:33.495587Z  INFO burn_train::learner::epoch: Iteration 9
2025-10-16T09:48:33.533201Z  INFO burn_train::learner::epoch: Iteration 10
2025-10-16T09:48:33.574176Z  INFO burn_train::learner::epoch: Iteration 11
2025-10-16T09:48:33.614282Z  INFO burn_train::learner::epoch: Iteration 12
2025-10-16T09:48:33.660421Z  INFO burn_train::learner::epoch: Iteration 13
2025-10-16T09:48:33.700079Z  INFO burn_train::learner::epoch: Iteration 14
2025-10-16T09:48:33.737737Z  INFO burn_train::learner::epoch: Iteration 15
2025-10-16T09:48:33.775193Z  INFO burn_train::learner::epoch: Iteration 16
2025-10-16T09:48:33.811644Z  INFO burn_train::learner::epoch: Iteration 17
2025-10-16T09:48:33.846971Z  INFO burn_train::learner::epoch: Iteration 18
2025-10-16T09:48:33.885049Z  INFO burn_train::learner::epoch: Iteration 19
2025-10-16T09:48:33.922730Z  INFO burn_train::learner::epoch: Iteration 20
2025-10-16T09:48:33.959354Z  INFO burn_train::learner::epoch: Iteration 21
2025-10-16T09:48:33.996032Z  INFO burn_train::learner::epoch: Iteration 22
2025-10-16T09:48:34.030857Z  INFO burn_train::learner::epoch: Iteration 23
2025-10-16T09:48:34.068628Z  INFO burn_train::learner::epoch: Iteration 24
2025-10-16T09:48:34.106660Z  INFO burn_train::learner::epoch: Iteration 25
2025-10-16T09:48:34.143484Z  INFO burn_train::learner::epoch: Iteration 26
2025-10-16T09:48:34.178752Z  INFO burn_train::learner::epoch: Iteration 27
2025-10-16T09:48:34.217969Z  INFO burn_train::learner::epoch: Iteration 28
2025-10-16T09:48:34.253974Z  INFO burn_train::learner::epoch: Iteration 29
2025-10-16T09:48:34.288710Z  INFO burn_train::learner::epoch: Iteration 30
2025-10-16T09:48:34.326737Z  INFO burn_train::learner::epoch: Iteration 31
2025-10-16T09:48:34.363139Z  INFO burn_train::learner::epoch: Iteration 32
2025-10-16T09:48:34.398136Z  INFO burn_train::learner::epoch: Iteration 33
2025-10-16T09:48:34.434685Z  INFO burn_train::learner::epoch: Iteration 34
2025-10-16T09:48:34.474238Z  INFO burn_train::learner::epoch: Iteration 35
2025-10-16T09:48:34.511870Z  INFO burn_train::learner::epoch: Iteration 36
2025-10-16T09:48:34.547553Z  INFO burn_train::learner::epoch: Iteration 37
2025-10-16T09:48:34.582858Z  INFO burn_train::learner::epoch: Iteration 38
2025-10-16T09:48:34.623868Z  INFO burn_train::learner::epoch: Iteration 39
2025-10-16T09:48:34.658705Z  INFO burn_train::learner::epoch: Iteration 40
2025-10-16T09:48:34.694375Z  INFO burn_train::learner::epoch: Iteration 41
2025-10-16T09:48:34.731582Z  INFO burn_train::learner::epoch: Iteration 42
2025-10-16T09:48:34.765297Z  INFO burn_train::learner::epoch: Iteration 43
2025-10-16T09:48:34.801115Z  INFO burn_train::learner::epoch: Iteration 44
2025-10-16T09:48:34.839502Z  INFO burn_train::learner::epoch: Iteration 45
2025-10-16T09:48:34.876723Z  INFO burn_train::learner::epoch: Iteration 46
2025-10-16T09:48:34.910908Z  INFO burn_train::learner::epoch: Iteration 47
2025-10-16T09:48:34.945623Z  INFO burn_train::learner::epoch: Iteration 48
2025-10-16T09:48:34.981396Z  INFO burn_train::learner::epoch: Iteration 49
2025-10-16T09:48:35.015935Z  INFO burn_train::learner::epoch: Iteration 50
2025-10-16T09:48:35.051028Z  INFO burn_train::learner::epoch: Iteration 51
2025-10-16T09:48:35.088768Z  INFO burn_train::learner::epoch: Iteration 52
2025-10-16T09:48:35.126195Z  INFO burn_train::learner::epoch: Iteration 53
2025-10-16T09:48:35.166390Z  INFO burn_train::learner::epoch: Iteration 54
2025-10-16T09:48:35.203376Z  INFO burn_train::learner::epoch: Iteration 55
2025-10-16T09:48:35.239964Z  INFO burn_train::learner::epoch: Iteration 56
2025-10-16T09:48:35.277647Z  INFO burn_train::learner::epoch: Iteration 57
2025-10-16T09:48:35.315602Z  INFO burn_train::learner::epoch: Iteration 58
2025-10-16T09:48:35.351932Z  INFO burn_train::learner::epoch: Iteration 59
2025-10-16T09:48:35.388715Z  INFO burn_train::learner::epoch: Iteration 60
2025-10-16T09:48:35.426752Z  INFO burn_train::learner::epoch: Iteration 61
2025-10-16T09:48:35.464347Z  INFO burn_train::learner::epoch: Iteration 62
2025-10-16T09:48:35.500078Z  INFO burn_train::learner::epoch: Iteration 63
2025-10-16T09:48:35.537784Z  INFO burn_train::learner::epoch: Iteration 64
2025-10-16T09:48:35.576069Z  INFO burn_train::learner::epoch: Iteration 65
2025-10-16T09:48:35.587501Z  INFO burn_train::learner::epoch: Executing validation step for epoch 2
2025-10-16T09:48:35.859578Z  INFO burn_train::checkpoint::file: Saving checkpoint 2 to ./tmp/burn-example-regression\checkpoint\model-2
2025-10-16T09:48:35.859578Z  INFO burn_train::learner::epoch: Executing training step for epoch 3
2025-10-16T09:48:35.859579Z  INFO burn_train::checkpoint::file: Saving checkpoint 2 to ./tmp/burn-example-regression\checkpoint\scheduler-2
2025-10-16T09:48:35.859593Z  INFO burn_train::checkpoint::file: Saving checkpoint 2 to ./tmp/burn-example-regression\checkpoint\optim-2
2025-10-16T09:48:35.899947Z  INFO burn_train::learner::epoch: Iteration 1
2025-10-16T09:48:35.937578Z  INFO burn_train::learner::epoch: Iteration 2
2025-10-16T09:48:35.972040Z  INFO burn_train::learner::epoch: Iteration 3
2025-10-16T09:48:36.006674Z  INFO burn_train::learner::epoch: Iteration 4
2025-10-16T09:48:36.043205Z  INFO burn_train::learner::epoch: Iteration 5
2025-10-16T09:48:36.081132Z  INFO burn_train::learner::epoch: Iteration 6
2025-10-16T09:48:36.116260Z  INFO burn_train::learner::epoch: Iteration 7
2025-10-16T09:48:36.150358Z  INFO burn_train::learner::epoch: Iteration 8
2025-10-16T09:48:36.186448Z  INFO burn_train::learner::epoch: Iteration 9
2025-10-16T09:48:36.222868Z  INFO burn_train::learner::epoch: Iteration 10
2025-10-16T09:48:36.260576Z  INFO burn_train::learner::epoch: Iteration 11
2025-10-16T09:48:36.296650Z  INFO burn_train::learner::epoch: Iteration 12
2025-10-16T09:48:36.335673Z  INFO burn_train::learner::epoch: Iteration 13
2025-10-16T09:48:36.371582Z  INFO burn_train::learner::epoch: Iteration 14
2025-10-16T09:48:36.408010Z  INFO burn_train::learner::epoch: Iteration 15
2025-10-16T09:48:36.443950Z  INFO burn_train::learner::epoch: Iteration 16
2025-10-16T09:48:36.479175Z  INFO burn_train::learner::epoch: Iteration 17
2025-10-16T09:48:36.514164Z  INFO burn_train::learner::epoch: Iteration 18
2025-10-16T09:48:36.549224Z  INFO burn_train::learner::epoch: Iteration 19
2025-10-16T09:48:36.583769Z  INFO burn_train::learner::epoch: Iteration 20
2025-10-16T09:48:36.622011Z  INFO burn_train::learner::epoch: Iteration 21
2025-10-16T09:48:36.659601Z  INFO burn_train::learner::epoch: Iteration 22
2025-10-16T09:48:36.696432Z  INFO burn_train::learner::epoch: Iteration 23
2025-10-16T09:48:36.733055Z  INFO burn_train::learner::epoch: Iteration 24
2025-10-16T09:48:36.770164Z  INFO burn_train::learner::epoch: Iteration 25
2025-10-16T09:48:36.809200Z  INFO burn_train::learner::epoch: Iteration 26
2025-10-16T09:48:36.846647Z  INFO burn_train::learner::epoch: Iteration 27
2025-10-16T09:48:36.883768Z  INFO burn_train::learner::epoch: Iteration 28
2025-10-16T09:48:36.919933Z  INFO burn_train::learner::epoch: Iteration 29
2025-10-16T09:48:36.955781Z  INFO burn_train::learner::epoch: Iteration 30
2025-10-16T09:48:36.989747Z  INFO burn_train::learner::epoch: Iteration 31
2025-10-16T09:48:37.023023Z  INFO burn_train::learner::epoch: Iteration 32
2025-10-16T09:48:37.059389Z  INFO burn_train::learner::epoch: Iteration 33
2025-10-16T09:48:37.094863Z  INFO burn_train::learner::epoch: Iteration 34
2025-10-16T09:48:37.131086Z  INFO burn_train::learner::epoch: Iteration 35
2025-10-16T09:48:37.168296Z  INFO burn_train::learner::epoch: Iteration 36
2025-10-16T09:48:37.205322Z  INFO burn_train::learner::epoch: Iteration 37
2025-10-16T09:48:37.241176Z  INFO burn_train::learner::epoch: Iteration 38
2025-10-16T09:48:37.277616Z  INFO burn_train::learner::epoch: Iteration 39
2025-10-16T09:48:37.314216Z  INFO burn_train::learner::epoch: Iteration 40
2025-10-16T09:48:37.348947Z  INFO burn_train::learner::epoch: Iteration 41
2025-10-16T09:48:37.387914Z  INFO burn_train::learner::epoch: Iteration 42
2025-10-16T09:48:37.424107Z  INFO burn_train::learner::epoch: Iteration 43
2025-10-16T09:48:37.458449Z  INFO burn_train::learner::epoch: Iteration 44
2025-10-16T09:48:37.493967Z  INFO burn_train::learner::epoch: Iteration 45
2025-10-16T09:48:37.528460Z  INFO burn_train::learner::epoch: Iteration 46
2025-10-16T09:48:37.564346Z  INFO burn_train::learner::epoch: Iteration 47
2025-10-16T09:48:37.603006Z  INFO burn_train::learner::epoch: Iteration 48
2025-10-16T09:48:37.639346Z  INFO burn_train::learner::epoch: Iteration 49
2025-10-16T09:48:37.676086Z  INFO burn_train::learner::epoch: Iteration 50
2025-10-16T09:48:37.713145Z  INFO burn_train::learner::epoch: Iteration 51
2025-10-16T09:48:37.747051Z  INFO burn_train::learner::epoch: Iteration 52
2025-10-16T09:48:37.782260Z  INFO burn_train::learner::epoch: Iteration 53
2025-10-16T09:48:37.818660Z  INFO burn_train::learner::epoch: Iteration 54
2025-10-16T09:48:37.854049Z  INFO burn_train::learner::epoch: Iteration 55
2025-10-16T09:48:37.890137Z  INFO burn_train::learner::epoch: Iteration 56
2025-10-16T09:48:37.925429Z  INFO burn_train::learner::epoch: Iteration 57
2025-10-16T09:48:37.959823Z  INFO burn_train::learner::epoch: Iteration 58
2025-10-16T09:48:37.995343Z  INFO burn_train::learner::epoch: Iteration 59
2025-10-16T09:48:38.033756Z  INFO burn_train::learner::epoch: Iteration 60
2025-10-16T09:48:38.069728Z  INFO burn_train::learner::epoch: Iteration 61
2025-10-16T09:48:38.107976Z  INFO burn_train::learner::epoch: Iteration 62
2025-10-16T09:48:38.144583Z  INFO burn_train::learner::epoch: Iteration 63
2025-10-16T09:48:38.179456Z  INFO burn_train::learner::epoch: Iteration 64
2025-10-16T09:48:38.216144Z  INFO burn_train::learner::epoch: Iteration 65
2025-10-16T09:48:38.227739Z  INFO burn_train::learner::epoch: Executing validation step for epoch 3
2025-10-16T09:48:38.489490Z  INFO burn_train::checkpoint::file: Saving checkpoint 3 to ./tmp/burn-example-regression\checkpoint\model-3
2025-10-16T09:48:38.489508Z  INFO burn_train::checkpoint::file: Saving checkpoint 3 to ./tmp/burn-example-regression\checkpoint\scheduler-3
2025-10-16T09:48:38.489513Z  INFO burn_train::checkpoint::file: Saving checkpoint 3 to ./tmp/burn-example-regression\checkpoint\optim-3
2025-10-16T09:48:38.491619Z  INFO burn_train::checkpoint::file: Removing checkpoint ./tmp/burn-example-regression\checkpoint\optim-1.mpk
2025-10-16T09:48:38.491677Z  INFO burn_train::checkpoint::file: Removing checkpoint ./tmp/burn-example-regression\checkpoint\model-1.mpk
2025-10-16T09:48:38.491714Z  INFO burn_train::checkpoint::file: Removing checkpoint ./tmp/burn-example-regression\checkpoint\scheduler-1.mpk
